19-Dec-2017 12:41:40.827 INFO [main] org.apache.catalina.startup.VersionLoggerListener.log Server version:        Apache Tomcat/8.5.20
19-Dec-2017 12:41:40.830 INFO [main] org.apache.catalina.startup.VersionLoggerListener.log Server built:          Aug 2 2017 21:35:49 UTC
19-Dec-2017 12:41:40.830 INFO [main] org.apache.catalina.startup.VersionLoggerListener.log Server number:         8.5.20.0
19-Dec-2017 12:41:40.830 INFO [main] org.apache.catalina.startup.VersionLoggerListener.log OS Name:               Windows 10
19-Dec-2017 12:41:40.830 INFO [main] org.apache.catalina.startup.VersionLoggerListener.log OS Version:            10.0
19-Dec-2017 12:41:40.830 INFO [main] org.apache.catalina.startup.VersionLoggerListener.log Architecture:          amd64
19-Dec-2017 12:41:40.830 INFO [main] org.apache.catalina.startup.VersionLoggerListener.log Java Home:             C:\Program Files\Java\jdk1.8.0_144\jre
19-Dec-2017 12:41:40.830 INFO [main] org.apache.catalina.startup.VersionLoggerListener.log JVM Version:           1.8.0_144-b01
19-Dec-2017 12:41:40.830 INFO [main] org.apache.catalina.startup.VersionLoggerListener.log JVM Vendor:            Oracle Corporation
19-Dec-2017 12:41:40.830 INFO [main] org.apache.catalina.startup.VersionLoggerListener.log CATALINA_BASE:         C:\javaProject\tomcat
19-Dec-2017 12:41:40.830 INFO [main] org.apache.catalina.startup.VersionLoggerListener.log CATALINA_HOME:         C:\javaProject\tomcat
19-Dec-2017 12:41:40.831 INFO [main] org.apache.catalina.startup.VersionLoggerListener.log Command line argument: -Djava.util.logging.config.file=C:\javaProject\tomcat\conf\logging.properties
19-Dec-2017 12:41:40.831 INFO [main] org.apache.catalina.startup.VersionLoggerListener.log Command line argument: -Djava.util.logging.manager=org.apache.juli.ClassLoaderLogManager
19-Dec-2017 12:41:40.831 INFO [main] org.apache.catalina.startup.VersionLoggerListener.log Command line argument: -Dhttp.nonProxyHosts=localhost|127.0.0.1|knbrothers
19-Dec-2017 12:41:40.831 INFO [main] org.apache.catalina.startup.VersionLoggerListener.log Command line argument: -Djdk.tls.ephemeralDHKeySize=2048
19-Dec-2017 12:41:40.831 INFO [main] org.apache.catalina.startup.VersionLoggerListener.log Command line argument: -Djava.protocol.handler.pkgs=org.apache.catalina.webresources
19-Dec-2017 12:41:40.831 INFO [main] org.apache.catalina.startup.VersionLoggerListener.log Command line argument: -Dcatalina.base=C:\javaProject\tomcat
19-Dec-2017 12:41:40.831 INFO [main] org.apache.catalina.startup.VersionLoggerListener.log Command line argument: -Dcatalina.home=C:\javaProject\tomcat
19-Dec-2017 12:41:40.832 INFO [main] org.apache.catalina.startup.VersionLoggerListener.log Command line argument: -Djava.io.tmpdir=C:\javaProject\tomcat\temp
19-Dec-2017 12:41:40.832 INFO [main] org.apache.catalina.core.AprLifecycleListener.lifecycleEvent Loaded APR based Apache Tomcat Native library [1.2.12] using APR version [1.5.2].
19-Dec-2017 12:41:40.832 INFO [main] org.apache.catalina.core.AprLifecycleListener.lifecycleEvent APR capabilities: IPv6 [true], sendfile [true], accept filters [false], random [true].
19-Dec-2017 12:41:40.832 INFO [main] org.apache.catalina.core.AprLifecycleListener.lifecycleEvent APR/OpenSSL configuration: useAprConnector [false], useOpenSSL [true]
19-Dec-2017 12:41:41.624 INFO [main] org.apache.catalina.core.AprLifecycleListener.initializeSSL OpenSSL successfully initialized [OpenSSL 1.0.2k  26 Jan 2017]
19-Dec-2017 12:41:42.345 INFO [main] org.apache.coyote.AbstractProtocol.init Initializing ProtocolHandler ["http-nio-8080"]
19-Dec-2017 12:41:43.248 INFO [main] org.apache.tomcat.util.net.NioSelectorPool.getSharedSelector Using a shared selector for servlet write/read
19-Dec-2017 12:41:43.251 INFO [main] org.apache.coyote.AbstractProtocol.init Initializing ProtocolHandler ["ajp-nio-8009"]
19-Dec-2017 12:41:43.254 INFO [main] org.apache.tomcat.util.net.NioSelectorPool.getSharedSelector Using a shared selector for servlet write/read
19-Dec-2017 12:41:43.254 INFO [main] org.apache.catalina.startup.Catalina.load Initialization processed in 3128 ms
19-Dec-2017 12:41:43.379 INFO [main] org.apache.catalina.core.StandardService.startInternal Starting service [Catalina]
19-Dec-2017 12:41:43.379 INFO [main] org.apache.catalina.core.StandardEngine.startInternal Starting Servlet Engine: Apache Tomcat/8.5.20
19-Dec-2017 12:41:43.417 INFO [localhost-startStop-1] org.apache.catalina.startup.HostConfig.deployDescriptor Deploying configuration descriptor [C:\javaProject\tomcat\conf\Catalina\localhost\ABCSoftwareCompany.xml]
19-Dec-2017 12:41:43.527 SEVERE [localhost-startStop-1] org.apache.catalina.core.ContainerBase.addChildInternal ContainerBase.addChild: start: 
 org.apache.catalina.LifecycleException: Failed to start component [StandardEngine[Catalina].StandardHost[localhost].StandardContext[/ABCSoftwareCompany]]
	at org.apache.catalina.util.LifecycleBase.start(LifecycleBase.java:167)
	at org.apache.catalina.core.ContainerBase.addChildInternal(ContainerBase.java:752)
	at org.apache.catalina.core.ContainerBase.addChild(ContainerBase.java:728)
	at org.apache.catalina.core.StandardHost.addChild(StandardHost.java:734)
	at org.apache.catalina.startup.HostConfig.deployDescriptor(HostConfig.java:630)
	at org.apache.catalina.startup.HostConfig$DeployDescriptor.run(HostConfig.java:1842)
	at java.util.concurrent.Executors$RunnableAdapter.call(Executors.java:511)
	at java.util.concurrent.FutureTask.run(FutureTask.java:266)
	at java.util.concurrent.ThreadPoolExecutor.runWorker(ThreadPoolExecutor.java:1149)
	at java.util.concurrent.ThreadPoolExecutor$Worker.run(ThreadPoolExecutor.java:624)
	at java.lang.Thread.run(Thread.java:748)
Caused by: org.apache.catalina.LifecycleException: Failed to start component [org.apache.catalina.webresources.StandardRoot@14d2c6ad]
	at org.apache.catalina.util.LifecycleBase.start(LifecycleBase.java:167)
	at org.apache.catalina.core.StandardContext.resourcesStart(StandardContext.java:4860)
	at org.apache.catalina.core.StandardContext.startInternal(StandardContext.java:4992)
	at org.apache.catalina.util.LifecycleBase.start(LifecycleBase.java:150)
	... 10 more
Caused by: java.lang.IllegalArgumentException: The main resource set specified [C:\javaProjects\javaProject3\ABCSoftwareCompany3\target\ABCSoftwareCompany-1.0-SNAPSHOT] is not valid
	at org.apache.catalina.webresources.StandardRoot.createMainResourceSet(StandardRoot.java:745)
	at org.apache.catalina.webresources.StandardRoot.startInternal(StandardRoot.java:703)
	at org.apache.catalina.util.LifecycleBase.start(LifecycleBase.java:150)
	... 13 more

19-Dec-2017 12:41:43.528 SEVERE [localhost-startStop-1] org.apache.catalina.startup.HostConfig.deployDescriptor Error deploying configuration descriptor [C:\javaProject\tomcat\conf\Catalina\localhost\ABCSoftwareCompany.xml]
 java.lang.IllegalStateException: ContainerBase.addChild: start: org.apache.catalina.LifecycleException: Failed to start component [StandardEngine[Catalina].StandardHost[localhost].StandardContext[/ABCSoftwareCompany]]
	at org.apache.catalina.core.ContainerBase.addChildInternal(ContainerBase.java:756)
	at org.apache.catalina.core.ContainerBase.addChild(ContainerBase.java:728)
	at org.apache.catalina.core.StandardHost.addChild(StandardHost.java:734)
	at org.apache.catalina.startup.HostConfig.deployDescriptor(HostConfig.java:630)
	at org.apache.catalina.startup.HostConfig$DeployDescriptor.run(HostConfig.java:1842)
	at java.util.concurrent.Executors$RunnableAdapter.call(Executors.java:511)
	at java.util.concurrent.FutureTask.run(FutureTask.java:266)
	at java.util.concurrent.ThreadPoolExecutor.runWorker(ThreadPoolExecutor.java:1149)
	at java.util.concurrent.ThreadPoolExecutor$Worker.run(ThreadPoolExecutor.java:624)
	at java.lang.Thread.run(Thread.java:748)

19-Dec-2017 12:41:43.530 INFO [localhost-startStop-1] org.apache.catalina.startup.HostConfig.deployDescriptor Deployment of configuration descriptor [C:\javaProject\tomcat\conf\Catalina\localhost\ABCSoftwareCompany.xml] has finished in [113] ms
19-Dec-2017 12:41:43.534 INFO [localhost-startStop-1] org.apache.catalina.startup.HostConfig.deployDirectory Deploying web application directory [C:\javaProject\tomcat\webapps\docs]
19-Dec-2017 12:41:44.619 INFO [localhost-startStop-1] org.apache.catalina.startup.HostConfig.deployDirectory Deployment of web application directory [C:\javaProject\tomcat\webapps\docs] has finished in [1,085] ms
19-Dec-2017 12:41:44.619 INFO [localhost-startStop-1] org.apache.catalina.startup.HostConfig.deployDirectory Deploying web application directory [C:\javaProject\tomcat\webapps\examples]
19-Dec-2017 12:41:45.952 INFO [localhost-startStop-1] org.apache.catalina.startup.HostConfig.deployDirectory Deployment of web application directory [C:\javaProject\tomcat\webapps\examples] has finished in [1,333] ms
19-Dec-2017 12:41:45.952 INFO [localhost-startStop-1] org.apache.catalina.startup.HostConfig.deployDirectory Deploying web application directory [C:\javaProject\tomcat\webapps\host-manager]
19-Dec-2017 12:41:46.071 INFO [localhost-startStop-1] org.apache.catalina.startup.HostConfig.deployDirectory Deployment of web application directory [C:\javaProject\tomcat\webapps\host-manager] has finished in [119] ms
19-Dec-2017 12:41:46.071 INFO [localhost-startStop-1] org.apache.catalina.startup.HostConfig.deployDirectory Deploying web application directory [C:\javaProject\tomcat\webapps\manager]
19-Dec-2017 12:41:46.141 INFO [localhost-startStop-1] org.apache.catalina.startup.HostConfig.deployDirectory Deployment of web application directory [C:\javaProject\tomcat\webapps\manager] has finished in [69] ms
19-Dec-2017 12:41:46.141 INFO [localhost-startStop-1] org.apache.catalina.startup.HostConfig.deployDirectory Deploying web application directory [C:\javaProject\tomcat\webapps\ROOT]
19-Dec-2017 12:41:46.189 INFO [localhost-startStop-1] org.apache.catalina.startup.HostConfig.deployDirectory Deployment of web application directory [C:\javaProject\tomcat\webapps\ROOT] has finished in [48] ms
19-Dec-2017 12:41:46.195 INFO [main] org.apache.coyote.AbstractProtocol.start Starting ProtocolHandler ["http-nio-8080"]
19-Dec-2017 12:41:46.205 INFO [main] org.apache.coyote.AbstractProtocol.start Starting ProtocolHandler ["ajp-nio-8009"]
19-Dec-2017 12:41:46.208 INFO [main] org.apache.catalina.startup.Catalina.start Server startup in 2952 ms
19-Dec-2017 12:41:51.333 INFO [http-nio-8080-exec-9] org.apache.catalina.startup.HostConfig.undeploy Undeploying context []
19-Dec-2017 12:41:51.388 INFO [http-nio-8080-exec-8] org.apache.catalina.startup.HostConfig.deployDescriptor Deploying configuration descriptor [C:\javaProject\tomcat\conf\Catalina\localhost\ROOT.xml]
19-Dec-2017 12:41:51.983 INFO [http-nio-8080-exec-8] org.apache.jasper.servlet.TldScanner.scanJars At least one JAR was scanned for TLDs yet contained no TLDs. Enable debug logging for this logger for a complete list of JARs that were scanned but no TLDs were found in them. Skipping unneeded JARs during scanning can improve startup time and JSP compilation time.
19-Dec-2017 12:41:51.990 INFO [http-nio-8080-exec-8] org.apache.catalina.startup.HostConfig.deployDescriptor Deployment of configuration descriptor [C:\javaProject\tomcat\conf\Catalina\localhost\ROOT.xml] has finished in [602] ms
19-Dec-2017 12:41:51.995 INFO [http-nio-8080-exec-1] org.apache.catalina.util.LifecycleBase.start The start() method was called on component [StandardEngine[Catalina].StandardHost[localhost].StandardContext[]] after start() had already been called. The second call will be ignored.
19-Dec-2017 13:48:01.851 INFO [main] org.apache.catalina.core.StandardServer.await A valid shutdown command was received via the shutdown port. Stopping the Server instance.
19-Dec-2017 13:48:01.853 INFO [main] org.apache.coyote.AbstractProtocol.pause Pausing ProtocolHandler ["http-nio-8080"]
19-Dec-2017 13:48:01.969 INFO [main] org.apache.coyote.AbstractProtocol.pause Pausing ProtocolHandler ["ajp-nio-8009"]
19-Dec-2017 13:48:02.117 INFO [main] org.apache.catalina.core.StandardService.stopInternal Stopping service [Catalina]
19-Dec-2017 13:48:02.201 INFO [main] org.apache.coyote.AbstractProtocol.stop Stopping ProtocolHandler ["http-nio-8080"]
19-Dec-2017 13:48:02.207 INFO [main] org.apache.coyote.AbstractProtocol.stop Stopping ProtocolHandler ["ajp-nio-8009"]
19-Dec-2017 13:48:02.210 INFO [main] org.apache.coyote.AbstractProtocol.destroy Destroying ProtocolHandler ["http-nio-8080"]
19-Dec-2017 13:48:02.212 INFO [main] org.apache.coyote.AbstractProtocol.destroy Destroying ProtocolHandler ["ajp-nio-8009"]
