20-Dec-2017 16:44:29.428 INFO [main] org.apache.catalina.startup.VersionLoggerListener.log Server version:        Apache Tomcat/8.5.20
20-Dec-2017 16:44:29.431 INFO [main] org.apache.catalina.startup.VersionLoggerListener.log Server built:          Aug 2 2017 21:35:49 UTC
20-Dec-2017 16:44:29.431 INFO [main] org.apache.catalina.startup.VersionLoggerListener.log Server number:         8.5.20.0
20-Dec-2017 16:44:29.431 INFO [main] org.apache.catalina.startup.VersionLoggerListener.log OS Name:               Windows 10
20-Dec-2017 16:44:29.431 INFO [main] org.apache.catalina.startup.VersionLoggerListener.log OS Version:            10.0
20-Dec-2017 16:44:29.431 INFO [main] org.apache.catalina.startup.VersionLoggerListener.log Architecture:          amd64
20-Dec-2017 16:44:29.432 INFO [main] org.apache.catalina.startup.VersionLoggerListener.log Java Home:             C:\Program Files\Java\jdk1.8.0_144\jre
20-Dec-2017 16:44:29.432 INFO [main] org.apache.catalina.startup.VersionLoggerListener.log JVM Version:           1.8.0_144-b01
20-Dec-2017 16:44:29.432 INFO [main] org.apache.catalina.startup.VersionLoggerListener.log JVM Vendor:            Oracle Corporation
20-Dec-2017 16:44:29.432 INFO [main] org.apache.catalina.startup.VersionLoggerListener.log CATALINA_BASE:         C:\javaProject\tomcat
20-Dec-2017 16:44:29.432 INFO [main] org.apache.catalina.startup.VersionLoggerListener.log CATALINA_HOME:         C:\javaProject\tomcat
20-Dec-2017 16:44:29.433 INFO [main] org.apache.catalina.startup.VersionLoggerListener.log Command line argument: -Djava.util.logging.config.file=C:\javaProject\tomcat\conf\logging.properties
20-Dec-2017 16:44:29.433 INFO [main] org.apache.catalina.startup.VersionLoggerListener.log Command line argument: -Djava.util.logging.manager=org.apache.juli.ClassLoaderLogManager
20-Dec-2017 16:44:29.433 INFO [main] org.apache.catalina.startup.VersionLoggerListener.log Command line argument: -Dhttp.nonProxyHosts=localhost|127.0.0.1|knbrothers
20-Dec-2017 16:44:29.433 INFO [main] org.apache.catalina.startup.VersionLoggerListener.log Command line argument: -Djdk.tls.ephemeralDHKeySize=2048
20-Dec-2017 16:44:29.433 INFO [main] org.apache.catalina.startup.VersionLoggerListener.log Command line argument: -Djava.protocol.handler.pkgs=org.apache.catalina.webresources
20-Dec-2017 16:44:29.433 INFO [main] org.apache.catalina.startup.VersionLoggerListener.log Command line argument: -Dcatalina.base=C:\javaProject\tomcat
20-Dec-2017 16:44:29.433 INFO [main] org.apache.catalina.startup.VersionLoggerListener.log Command line argument: -Dcatalina.home=C:\javaProject\tomcat
20-Dec-2017 16:44:29.434 INFO [main] org.apache.catalina.startup.VersionLoggerListener.log Command line argument: -Djava.io.tmpdir=C:\javaProject\tomcat\temp
20-Dec-2017 16:44:29.434 INFO [main] org.apache.catalina.core.AprLifecycleListener.lifecycleEvent Loaded APR based Apache Tomcat Native library [1.2.12] using APR version [1.5.2].
20-Dec-2017 16:44:29.434 INFO [main] org.apache.catalina.core.AprLifecycleListener.lifecycleEvent APR capabilities: IPv6 [true], sendfile [true], accept filters [false], random [true].
20-Dec-2017 16:44:29.434 INFO [main] org.apache.catalina.core.AprLifecycleListener.lifecycleEvent APR/OpenSSL configuration: useAprConnector [false], useOpenSSL [true]
20-Dec-2017 16:44:30.198 INFO [main] org.apache.catalina.core.AprLifecycleListener.initializeSSL OpenSSL successfully initialized [OpenSSL 1.0.2k  26 Jan 2017]
20-Dec-2017 16:44:30.479 INFO [main] org.apache.coyote.AbstractProtocol.init Initializing ProtocolHandler ["http-nio-8080"]
20-Dec-2017 16:44:30.724 INFO [main] org.apache.tomcat.util.net.NioSelectorPool.getSharedSelector Using a shared selector for servlet write/read
20-Dec-2017 16:44:30.726 INFO [main] org.apache.coyote.AbstractProtocol.init Initializing ProtocolHandler ["ajp-nio-8009"]
20-Dec-2017 16:44:30.728 INFO [main] org.apache.tomcat.util.net.NioSelectorPool.getSharedSelector Using a shared selector for servlet write/read
20-Dec-2017 16:44:30.729 INFO [main] org.apache.catalina.startup.Catalina.load Initialization processed in 1900 ms
20-Dec-2017 16:44:30.811 INFO [main] org.apache.catalina.core.StandardService.startInternal Starting service [Catalina]
20-Dec-2017 16:44:30.811 INFO [main] org.apache.catalina.core.StandardEngine.startInternal Starting Servlet Engine: Apache Tomcat/8.5.20
20-Dec-2017 16:44:30.853 INFO [localhost-startStop-1] org.apache.catalina.startup.HostConfig.deployDescriptor Deploying configuration descriptor [C:\javaProject\tomcat\conf\Catalina\localhost\ABCSoftwareCompany.xml]
20-Dec-2017 16:44:30.983 SEVERE [localhost-startStop-1] org.apache.catalina.core.ContainerBase.addChildInternal ContainerBase.addChild: start: 
 org.apache.catalina.LifecycleException: Failed to start component [StandardEngine[Catalina].StandardHost[localhost].StandardContext[/ABCSoftwareCompany]]
	at org.apache.catalina.util.LifecycleBase.start(LifecycleBase.java:167)
	at org.apache.catalina.core.ContainerBase.addChildInternal(ContainerBase.java:752)
	at org.apache.catalina.core.ContainerBase.addChild(ContainerBase.java:728)
	at org.apache.catalina.core.StandardHost.addChild(StandardHost.java:734)
	at org.apache.catalina.startup.HostConfig.deployDescriptor(HostConfig.java:630)
	at org.apache.catalina.startup.HostConfig$DeployDescriptor.run(HostConfig.java:1842)
	at java.util.concurrent.Executors$RunnableAdapter.call(Executors.java:511)
	at java.util.concurrent.FutureTask.run(FutureTask.java:266)
	at java.util.concurrent.ThreadPoolExecutor.runWorker(ThreadPoolExecutor.java:1149)
	at java.util.concurrent.ThreadPoolExecutor$Worker.run(ThreadPoolExecutor.java:624)
	at java.lang.Thread.run(Thread.java:748)
Caused by: org.apache.catalina.LifecycleException: Failed to start component [org.apache.catalina.webresources.StandardRoot@14d2c6ad]
	at org.apache.catalina.util.LifecycleBase.start(LifecycleBase.java:167)
	at org.apache.catalina.core.StandardContext.resourcesStart(StandardContext.java:4860)
	at org.apache.catalina.core.StandardContext.startInternal(StandardContext.java:4992)
	at org.apache.catalina.util.LifecycleBase.start(LifecycleBase.java:150)
	... 10 more
Caused by: java.lang.IllegalArgumentException: The main resource set specified [C:\javaProjects\javaProject3\ABCSoftwareCompany3\target\ABCSoftwareCompany-1.0-SNAPSHOT] is not valid
	at org.apache.catalina.webresources.StandardRoot.createMainResourceSet(StandardRoot.java:745)
	at org.apache.catalina.webresources.StandardRoot.startInternal(StandardRoot.java:703)
	at org.apache.catalina.util.LifecycleBase.start(LifecycleBase.java:150)
	... 13 more

20-Dec-2017 16:44:30.985 SEVERE [localhost-startStop-1] org.apache.catalina.startup.HostConfig.deployDescriptor Error deploying configuration descriptor [C:\javaProject\tomcat\conf\Catalina\localhost\ABCSoftwareCompany.xml]
 java.lang.IllegalStateException: ContainerBase.addChild: start: org.apache.catalina.LifecycleException: Failed to start component [StandardEngine[Catalina].StandardHost[localhost].StandardContext[/ABCSoftwareCompany]]
	at org.apache.catalina.core.ContainerBase.addChildInternal(ContainerBase.java:756)
	at org.apache.catalina.core.ContainerBase.addChild(ContainerBase.java:728)
	at org.apache.catalina.core.StandardHost.addChild(StandardHost.java:734)
	at org.apache.catalina.startup.HostConfig.deployDescriptor(HostConfig.java:630)
	at org.apache.catalina.startup.HostConfig$DeployDescriptor.run(HostConfig.java:1842)
	at java.util.concurrent.Executors$RunnableAdapter.call(Executors.java:511)
	at java.util.concurrent.FutureTask.run(FutureTask.java:266)
	at java.util.concurrent.ThreadPoolExecutor.runWorker(ThreadPoolExecutor.java:1149)
	at java.util.concurrent.ThreadPoolExecutor$Worker.run(ThreadPoolExecutor.java:624)
	at java.lang.Thread.run(Thread.java:748)

20-Dec-2017 16:44:30.988 INFO [localhost-startStop-1] org.apache.catalina.startup.HostConfig.deployDescriptor Deployment of configuration descriptor [C:\javaProject\tomcat\conf\Catalina\localhost\ABCSoftwareCompany.xml] has finished in [134] ms
20-Dec-2017 16:44:30.989 INFO [localhost-startStop-1] org.apache.catalina.startup.HostConfig.deployDescriptor Deploying configuration descriptor [C:\javaProject\tomcat\conf\Catalina\localhost\ROOT.xml]
20-Dec-2017 16:44:32.682 INFO [localhost-startStop-1] org.apache.jasper.servlet.TldScanner.scanJars At least one JAR was scanned for TLDs yet contained no TLDs. Enable debug logging for this logger for a complete list of JARs that were scanned but no TLDs were found in them. Skipping unneeded JARs during scanning can improve startup time and JSP compilation time.
20-Dec-2017 16:44:32.809 INFO [localhost-startStop-1] org.apache.catalina.startup.HostConfig.deployDescriptor Deployment of configuration descriptor [C:\javaProject\tomcat\conf\Catalina\localhost\ROOT.xml] has finished in [1,821] ms
20-Dec-2017 16:44:32.810 INFO [localhost-startStop-1] org.apache.catalina.startup.HostConfig.deployDirectory Deploying web application directory [C:\javaProject\tomcat\webapps\docs]
20-Dec-2017 16:44:32.883 INFO [localhost-startStop-1] org.apache.catalina.startup.HostConfig.deployDirectory Deployment of web application directory [C:\javaProject\tomcat\webapps\docs] has finished in [73] ms
20-Dec-2017 16:44:32.883 INFO [localhost-startStop-1] org.apache.catalina.startup.HostConfig.deployDirectory Deploying web application directory [C:\javaProject\tomcat\webapps\examples]
20-Dec-2017 16:44:33.757 INFO [localhost-startStop-1] org.apache.catalina.startup.HostConfig.deployDirectory Deployment of web application directory [C:\javaProject\tomcat\webapps\examples] has finished in [874] ms
20-Dec-2017 16:44:33.758 INFO [localhost-startStop-1] org.apache.catalina.startup.HostConfig.deployDirectory Deploying web application directory [C:\javaProject\tomcat\webapps\host-manager]
20-Dec-2017 16:44:33.841 INFO [localhost-startStop-1] org.apache.catalina.startup.HostConfig.deployDirectory Deployment of web application directory [C:\javaProject\tomcat\webapps\host-manager] has finished in [83] ms
20-Dec-2017 16:44:33.841 INFO [localhost-startStop-1] org.apache.catalina.startup.HostConfig.deployDirectory Deploying web application directory [C:\javaProject\tomcat\webapps\manager]
20-Dec-2017 16:44:33.903 INFO [localhost-startStop-1] org.apache.catalina.startup.HostConfig.deployDirectory Deployment of web application directory [C:\javaProject\tomcat\webapps\manager] has finished in [62] ms
20-Dec-2017 16:44:33.913 INFO [main] org.apache.coyote.AbstractProtocol.start Starting ProtocolHandler ["http-nio-8080"]
20-Dec-2017 16:44:33.925 INFO [main] org.apache.coyote.AbstractProtocol.start Starting ProtocolHandler ["ajp-nio-8009"]
20-Dec-2017 16:44:33.928 INFO [main] org.apache.catalina.startup.Catalina.start Server startup in 3199 ms
20-Dec-2017 16:49:57.410 INFO [http-nio-8080-exec-10] org.apache.catalina.startup.HostConfig.undeploy Undeploying context []
20-Dec-2017 16:49:57.436 INFO [http-nio-8080-exec-1] org.apache.catalina.startup.HostConfig.deployDescriptor Deploying configuration descriptor [C:\javaProject\tomcat\conf\Catalina\localhost\ROOT.xml]
20-Dec-2017 16:49:57.900 INFO [http-nio-8080-exec-1] org.apache.catalina.startup.HostConfig.deployDescriptor Deployment of configuration descriptor [C:\javaProject\tomcat\conf\Catalina\localhost\ROOT.xml] has finished in [464] ms
20-Dec-2017 16:49:57.905 INFO [http-nio-8080-exec-4] org.apache.catalina.util.LifecycleBase.start The start() method was called on component [StandardEngine[Catalina].StandardHost[localhost].StandardContext[]] after start() had already been called. The second call will be ignored.
20-Dec-2017 16:50:01.622 INFO [http-nio-8080-exec-5] org.apache.catalina.startup.HostConfig.undeploy Undeploying context []
20-Dec-2017 16:50:01.646 INFO [http-nio-8080-exec-7] org.apache.catalina.startup.HostConfig.deployDescriptor Deploying configuration descriptor [C:\javaProject\tomcat\conf\Catalina\localhost\ROOT.xml]
20-Dec-2017 16:50:01.842 INFO [http-nio-8080-exec-7] org.apache.catalina.startup.HostConfig.deployDescriptor Deployment of configuration descriptor [C:\javaProject\tomcat\conf\Catalina\localhost\ROOT.xml] has finished in [196] ms
20-Dec-2017 16:50:01.846 INFO [http-nio-8080-exec-2] org.apache.catalina.util.LifecycleBase.start The start() method was called on component [StandardEngine[Catalina].StandardHost[localhost].StandardContext[]] after start() had already been called. The second call will be ignored.
20-Dec-2017 16:50:26.503 INFO [http-nio-8080-exec-11] org.apache.catalina.startup.HostConfig.undeploy Undeploying context []
20-Dec-2017 16:50:26.516 INFO [http-nio-8080-exec-7] org.apache.catalina.startup.HostConfig.deployDescriptor Deploying configuration descriptor [C:\javaProject\tomcat\conf\Catalina\localhost\ROOT.xml]
20-Dec-2017 16:50:27.109 INFO [http-nio-8080-exec-7] org.apache.catalina.startup.HostConfig.deployDescriptor Deployment of configuration descriptor [C:\javaProject\tomcat\conf\Catalina\localhost\ROOT.xml] has finished in [593] ms
20-Dec-2017 16:50:27.115 INFO [http-nio-8080-exec-14] org.apache.catalina.util.LifecycleBase.start The start() method was called on component [StandardEngine[Catalina].StandardHost[localhost].StandardContext[]] after start() had already been called. The second call will be ignored.
20-Dec-2017 16:50:43.737 INFO [http-nio-8080-exec-14] org.apache.catalina.startup.HostConfig.undeploy Undeploying context []
20-Dec-2017 16:50:43.750 INFO [http-nio-8080-exec-20] org.apache.catalina.startup.HostConfig.deployDescriptor Deploying configuration descriptor [C:\javaProject\tomcat\conf\Catalina\localhost\ROOT.xml]
20-Dec-2017 16:50:44.166 INFO [http-nio-8080-exec-20] org.apache.catalina.startup.HostConfig.deployDescriptor Deployment of configuration descriptor [C:\javaProject\tomcat\conf\Catalina\localhost\ROOT.xml] has finished in [416] ms
20-Dec-2017 16:50:44.172 INFO [http-nio-8080-exec-18] org.apache.catalina.util.LifecycleBase.start The start() method was called on component [StandardEngine[Catalina].StandardHost[localhost].StandardContext[]] after start() had already been called. The second call will be ignored.
20-Dec-2017 16:53:25.163 INFO [http-nio-8080-exec-28] org.apache.catalina.startup.HostConfig.undeploy Undeploying context []
20-Dec-2017 16:54:25.353 INFO [http-nio-8080-exec-29] org.apache.catalina.startup.HostConfig.deployDescriptor Deploying configuration descriptor [C:\javaProject\tomcat\conf\Catalina\localhost\ROOT.xml]
20-Dec-2017 16:54:25.704 INFO [http-nio-8080-exec-29] org.apache.catalina.startup.HostConfig.deployDescriptor Deployment of configuration descriptor [C:\javaProject\tomcat\conf\Catalina\localhost\ROOT.xml] has finished in [351] ms
20-Dec-2017 16:54:25.708 INFO [http-nio-8080-exec-25] org.apache.catalina.util.LifecycleBase.start The start() method was called on component [StandardEngine[Catalina].StandardHost[localhost].StandardContext[]] after start() had already been called. The second call will be ignored.
20-Dec-2017 19:37:43.463 INFO [main] org.apache.catalina.core.StandardServer.await A valid shutdown command was received via the shutdown port. Stopping the Server instance.
20-Dec-2017 19:37:43.464 INFO [main] org.apache.coyote.AbstractProtocol.pause Pausing ProtocolHandler ["http-nio-8080"]
20-Dec-2017 19:37:43.598 INFO [main] org.apache.coyote.AbstractProtocol.pause Pausing ProtocolHandler ["ajp-nio-8009"]
20-Dec-2017 19:37:43.722 INFO [main] org.apache.catalina.core.StandardService.stopInternal Stopping service [Catalina]
20-Dec-2017 19:37:43.746 INFO [main] org.apache.coyote.AbstractProtocol.stop Stopping ProtocolHandler ["http-nio-8080"]
20-Dec-2017 19:37:43.748 INFO [main] org.apache.coyote.AbstractProtocol.stop Stopping ProtocolHandler ["ajp-nio-8009"]
20-Dec-2017 19:37:43.750 INFO [main] org.apache.coyote.AbstractProtocol.destroy Destroying ProtocolHandler ["http-nio-8080"]
20-Dec-2017 19:37:43.751 INFO [main] org.apache.coyote.AbstractProtocol.destroy Destroying ProtocolHandler ["ajp-nio-8009"]
